# JRE version: OpenJDK Runtime Environment (17.0.6) (build 17.0.6+0-b2043.56-10027231)
# Java VM: OpenJDK 64-Bit Server VM (17.0.6+0-b2043.56-10027231, mixed mode, tiered, compressed oops, compressed class ptrs, g1 gc, windows-amd64)
GC Precious Log:
 CPUs: 8 total, 8 available
 Memory: 12285M
 Large Page Support: Disabled
 NUMA Support: Disabled
 Compressed Oops: Enabled (Zero based)
 Heap Region Size: 2M
 Heap Min Capacity: 8M
 Heap Initial Capacity: 192M
 Heap Max Capacity: 3G
 Pre-touch: Disabled
 Parallel Workers: 8
 Concurrent Workers: 2
 Concurrent Refinement Workers: 8
 Periodic GC: Disabled
Heap:
 garbage-first heap   total 167936K, used 84888K [0x0000000740000000, 0x0000000800000000)
  region size 2048K, 22 young (45056K), 2 survivors (4096K)
 Metaspace       used 59789K, committed 60096K, reserved 1105920K
  class space    used 7082K, committed 7232K, reserved 1048576K
GC Heap History (20 events):
Event: 3.294 GC heap before
{Heap before GC invocations=9 (full 0):
 garbage-first heap   total 67584K, used 47547K [0x0000000740000000, 0x0000000800000000)
  region size 2048K, 12 young (24576K), 1 survivors (2048K)
 Metaspace       used 40214K, committed 40448K, reserved 1089536K
  class space    used 5051K, committed 5184K, reserved 1048576K
}
Event: 3.302 GC heap after
{Heap after GC invocations=10 (full 0):
 garbage-first heap   total 67584K, used 25721K [0x0000000740000000, 0x0000000800000000)
  region size 2048K, 2 young (4096K), 2 survivors (4096K)
 Metaspace       used 40214K, committed 40448K, reserved 1089536K
  class space    used 5051K, committed 5184K, reserved 1048576K
}
Event: 3.674 GC heap before
{Heap before GC invocations=10 (full 0):
 garbage-first heap   total 67584K, used 48249K [0x0000000740000000, 0x0000000800000000)
  region size 2048K, 13 young (26624K), 2 survivors (4096K)
 Metaspace       used 44695K, committed 44928K, reserved 1089536K
  class space    used 5448K, committed 5568K, reserved 1048576K
}
Event: 3.684 GC heap after
{Heap after GC invocations=11 (full 0):
 garbage-first heap   total 67584K, used 28000K [0x0000000740000000, 0x0000000800000000)
  region size 2048K, 2 young (4096K), 2 survivors (4096K)
 Metaspace       used 44695K, committed 44928K, reserved 1089536K
  class space    used 5448K, committed 5568K, reserved 1048576K
}
Event: 4.223 GC heap before
{Heap before GC invocations=11 (full 0):
 garbage-first heap   total 67584K, used 50528K [0x0000000740000000, 0x0000000800000000)
  region size 2048K, 12 young (24576K), 2 survivors (4096K)
 Metaspace       used 50322K, committed 50560K, reserved 1097728K
  class space    used 6059K, committed 6144K, reserved 1048576K
}
Event: 4.236 GC heap after
{Heap after GC invocations=12 (full 0):
 garbage-first heap   total 67584K, used 32825K [0x0000000740000000, 0x0000000800000000)
  region size 2048K, 2 young (4096K), 2 survivors (4096K)
 Metaspace       used 50322K, committed 50560K, reserved 1097728K
  class space    used 6059K, committed 6144K, reserved 1048576K
}
Event: 4.844 GC heap before
{Heap before GC invocations=12 (full 0):
 garbage-first heap   total 67584K, used 49209K [0x0000000740000000, 0x0000000800000000)
  region size 2048K, 10 young (20480K), 2 survivors (4096K)
 Metaspace       used 52200K, committed 52416K, reserved 1097728K
  class space    used 6289K, committed 6400K, reserved 1048576K
}
Event: 4.859 GC heap after
{Heap after GC invocations=13 (full 0):
 garbage-first heap   total 67584K, used 35661K [0x0000000740000000, 0x0000000800000000)
  region size 2048K, 2 young (4096K), 2 survivors (4096K)
 Metaspace       used 52200K, committed 52416K, reserved 1097728K
  class space    used 6289K, committed 6400K, reserved 1048576K
}
Event: 6.197 GC heap before
{Heap before GC invocations=14 (full 0):
 garbage-first heap   total 67584K, used 47949K [0x0000000740000000, 0x0000000800000000)
  region size 2048K, 9 young (18432K), 2 survivors (4096K)
 Metaspace       used 53436K, committed 53696K, reserved 1097728K
  class space    used 6449K, committed 6592K, reserved 1048576K
}
Event: 6.211 GC heap after
{Heap after GC invocations=15 (full 0):
 garbage-first heap   total 67584K, used 38689K [0x0000000740000000, 0x0000000800000000)
  region size 2048K, 2 young (4096K), 2 survivors (4096K)
 Metaspace       used 53436K, committed 53696K, reserved 1097728K
  class space    used 6449K, committed 6592K, reserved 1048576K
}
Event: 6.246 GC heap before
{Heap before GC invocations=15 (full 0):
 garbage-first heap   total 67584K, used 38689K [0x0000000740000000, 0x0000000800000000)
  region size 2048K, 3 young (6144K), 2 survivors (4096K)
 Metaspace       used 53546K, committed 53888K, reserved 1097728K
  class space    used 6456K, committed 6656K, reserved 1048576K
}
Event: 6.262 GC heap after
{Heap after GC invocations=16 (full 0):
 garbage-first heap   total 81920K, used 38573K [0x0000000740000000, 0x0000000800000000)
  region size 2048K, 1 young (2048K), 1 survivors (2048K)
 Metaspace       used 53546K, committed 53888K, reserved 1097728K
  class space    used 6456K, committed 6656K, reserved 1048576K
}
Event: 6.489 GC heap before
{Heap before GC invocations=16 (full 0):
 garbage-first heap   total 81920K, used 59053K [0x0000000740000000, 0x0000000800000000)
  region size 2048K, 12 young (24576K), 1 survivors (2048K)
 Metaspace       used 53847K, committed 54208K, reserved 1097728K
  class space    used 6480K, committed 6656K, reserved 1048576K
}
Event: 6.494 GC heap after
{Heap after GC invocations=17 (full 0):
 garbage-first heap   total 81920K, used 39629K [0x0000000740000000, 0x0000000800000000)
  region size 2048K, 1 young (2048K), 1 survivors (2048K)
 Metaspace       used 53847K, committed 54208K, reserved 1097728K
  class space    used 6480K, committed 6656K, reserved 1048576K
}
Event: 7.113 GC heap before
{Heap before GC invocations=18 (full 0):
 garbage-first heap   total 81920K, used 62157K [0x0000000740000000, 0x0000000800000000)
  region size 2048K, 12 young (24576K), 1 survivors (2048K)
 Metaspace       used 55870K, committed 56192K, reserved 1105920K
  class space    used 6668K, committed 6848K, reserved 1048576K
}
Event: 7.126 GC heap after
{Heap after GC invocations=19 (full 0):
 garbage-first heap   total 81920K, used 42524K [0x0000000740000000, 0x0000000800000000)
  region size 2048K, 2 young (4096K), 2 survivors (4096K)
 Metaspace       used 55870K, committed 56192K, reserved 1105920K
  class space    used 6668K, committed 6848K, reserved 1048576K
}
Event: 7.201 GC heap before
{Heap before GC invocations=19 (full 0):
 garbage-first heap   total 81920K, used 44572K [0x0000000740000000, 0x0000000800000000)
  region size 2048K, 3 young (6144K), 2 survivors (4096K)
 Metaspace       used 55947K, committed 56256K, reserved 1105920K
  class space    used 6668K, committed 6848K, reserved 1048576K
}
Event: 7.217 GC heap after
{Heap after GC invocations=20 (full 0):
 garbage-first heap   total 81920K, used 42898K [0x0000000740000000, 0x0000000800000000)
  region size 2048K, 1 young (2048K), 1 survivors (2048K)
 Metaspace       used 55947K, committed 56256K, reserved 1105920K
  class space    used 6668K, committed 6848K, reserved 1048576K
}
Event: 7.621 GC heap before
{Heap before GC invocations=20 (full 0):
 garbage-first heap   total 81920K, used 63378K [0x0000000740000000, 0x0000000800000000)
  region size 2048K, 11 young (22528K), 1 survivors (2048K)
 Metaspace       used 56405K, committed 56704K, reserved 1105920K
  class space    used 6686K, committed 6848K, reserved 1048576K
}
Event: 7.633 GC heap after
{Heap after GC invocations=21 (full 0):
 garbage-first heap   total 167936K, used 45976K [0x0000000740000000, 0x0000000800000000)
  region size 2048K, 2 young (4096K), 2 survivors (4096K)
 Metaspace       used 56405K, committed 56704K, reserved 1105920K
  class space    used 6686K, committed 6848K, reserved 1048576K
}

