# JRE version: OpenJDK Runtime Environment (17.0.6) (build 17.0.6+0-b2043.56-10027231)
# Java VM: OpenJDK 64-Bit Server VM (17.0.6+0-b2043.56-10027231, mixed mode, tiered, compressed oops, compressed class ptrs, g1 gc, windows-amd64)
GC Precious Log:
 CPUs: 8 total, 8 available
 Memory: 12285M
 Large Page Support: Disabled
 NUMA Support: Disabled
 Compressed Oops: Enabled (Zero based)
 Heap Region Size: 2M
 Heap Min Capacity: 8M
 Heap Initial Capacity: 192M
 Heap Max Capacity: 3G
 Pre-touch: Disabled
 Parallel Workers: 8
 Concurrent Workers: 2
 Concurrent Refinement Workers: 8
 Periodic GC: Disabled
Heap:
 garbage-first heap   total 108544K, used 54547K [0x0000000740000000, 0x0000000800000000)
  region size 2048K, 2 young (4096K), 2 survivors (4096K)
 Metaspace       used 62177K, committed 62592K, reserved 1105920K
  class space    used 7416K, committed 7616K, reserved 1048576K
GC Heap History (20 events):
Event: 2.768 GC heap after
{Heap after GC invocations=8 (full 0):
 garbage-first heap   total 65536K, used 25232K [0x0000000740000000, 0x0000000800000000)
  region size 2048K, 1 young (2048K), 1 survivors (2048K)
 Metaspace       used 35909K, committed 36096K, reserved 1081344K
  class space    used 4566K, committed 4672K, reserved 1048576K
}
Event: 3.137 GC heap before
{Heap before GC invocations=9 (full 0):
 garbage-first heap   total 65536K, used 43664K [0x0000000740000000, 0x0000000800000000)
  region size 2048K, 11 young (22528K), 1 survivors (2048K)
 Metaspace       used 39914K, committed 40192K, reserved 1089536K
  class space    used 5011K, committed 5120K, reserved 1048576K
}
Event: 3.144 GC heap after
{Heap after GC invocations=10 (full 0):
 garbage-first heap   total 65536K, used 25605K [0x0000000740000000, 0x0000000800000000)
  region size 2048K, 2 young (4096K), 2 survivors (4096K)
 Metaspace       used 39914K, committed 40192K, reserved 1089536K
  class space    used 5011K, committed 5120K, reserved 1048576K
}
Event: 3.185 GC heap before
{Heap before GC invocations=10 (full 0):
 garbage-first heap   total 65536K, used 27653K [0x0000000740000000, 0x0000000800000000)
  region size 2048K, 3 young (6144K), 2 survivors (4096K)
 Metaspace       used 40300K, committed 40576K, reserved 1089536K
  class space    used 5062K, committed 5184K, reserved 1048576K
}
Event: 3.194 GC heap after
{Heap after GC invocations=11 (full 0):
 garbage-first heap   total 65536K, used 25453K [0x0000000740000000, 0x0000000800000000)
  region size 2048K, 1 young (2048K), 1 survivors (2048K)
 Metaspace       used 40300K, committed 40576K, reserved 1089536K
  class space    used 5062K, committed 5184K, reserved 1048576K
}
Event: 3.511 GC heap before
{Heap before GC invocations=11 (full 0):
 garbage-first heap   total 65536K, used 45933K [0x0000000740000000, 0x0000000800000000)
  region size 2048K, 11 young (22528K), 1 survivors (2048K)
 Metaspace       used 44332K, committed 44544K, reserved 1089536K
  class space    used 5406K, committed 5504K, reserved 1048576K
}
Event: 3.520 GC heap after
{Heap after GC invocations=12 (full 0):
 garbage-first heap   total 65536K, used 27863K [0x0000000740000000, 0x0000000800000000)
  region size 2048K, 2 young (4096K), 2 survivors (4096K)
 Metaspace       used 44332K, committed 44544K, reserved 1089536K
  class space    used 5406K, committed 5504K, reserved 1048576K
}
Event: 4.004 GC heap before
{Heap before GC invocations=12 (full 0):
 garbage-first heap   total 65536K, used 48343K [0x0000000740000000, 0x0000000800000000)
  region size 2048K, 11 young (22528K), 2 survivors (4096K)
 Metaspace       used 49118K, committed 49344K, reserved 1097728K
  class space    used 5915K, committed 6016K, reserved 1048576K
}
Event: 4.013 GC heap after
{Heap after GC invocations=13 (full 0):
 garbage-first heap   total 65536K, used 31382K [0x0000000740000000, 0x0000000800000000)
  region size 2048K, 2 young (4096K), 2 survivors (4096K)
 Metaspace       used 49118K, committed 49344K, reserved 1097728K
  class space    used 5915K, committed 6016K, reserved 1048576K
}
Event: 4.296 GC heap before
{Heap before GC invocations=13 (full 0):
 garbage-first heap   total 65536K, used 43670K [0x0000000740000000, 0x0000000800000000)
  region size 2048K, 9 young (18432K), 2 survivors (4096K)
 Metaspace       used 51643K, committed 51904K, reserved 1097728K
  class space    used 6228K, committed 6336K, reserved 1048576K
}
Event: 4.306 GC heap after
{Heap after GC invocations=14 (full 0):
 garbage-first heap   total 108544K, used 33944K [0x0000000740000000, 0x0000000800000000)
  region size 2048K, 2 young (4096K), 2 survivors (4096K)
 Metaspace       used 51643K, committed 51904K, reserved 1097728K
  class space    used 6228K, committed 6336K, reserved 1048576K
}
Event: 4.890 GC heap before
{Heap before GC invocations=15 (full 0):
 garbage-first heap   total 108544K, used 79000K [0x0000000740000000, 0x0000000800000000)
  region size 2048K, 24 young (49152K), 2 survivors (4096K)
 Metaspace       used 53784K, committed 54016K, reserved 1097728K
  class space    used 6478K, committed 6592K, reserved 1048576K
}
Event: 4.911 GC heap after
{Heap after GC invocations=16 (full 0):
 garbage-first heap   total 108544K, used 39325K [0x0000000740000000, 0x0000000800000000)
  region size 2048K, 3 young (6144K), 3 survivors (6144K)
 Metaspace       used 53784K, committed 54016K, reserved 1097728K
  class space    used 6478K, committed 6592K, reserved 1048576K
}
Event: 4.916 GC heap before
{Heap before GC invocations=16 (full 0):
 garbage-first heap   total 108544K, used 41373K [0x0000000740000000, 0x0000000800000000)
  region size 2048K, 4 young (8192K), 3 survivors (6144K)
 Metaspace       used 53784K, committed 54016K, reserved 1097728K
  class space    used 6478K, committed 6592K, reserved 1048576K
}
Event: 4.935 GC heap after
{Heap after GC invocations=17 (full 0):
 garbage-first heap   total 108544K, used 39856K [0x0000000740000000, 0x0000000800000000)
  region size 2048K, 1 young (2048K), 1 survivors (2048K)
 Metaspace       used 53784K, committed 54016K, reserved 1097728K
  class space    used 6478K, committed 6592K, reserved 1048576K
}
Event: 5.755 GC heap before
{Heap before GC invocations=17 (full 0):
 garbage-first heap   total 108544K, used 76720K [0x0000000740000000, 0x0000000800000000)
  region size 2048K, 19 young (38912K), 1 survivors (2048K)
 Metaspace       used 56262K, committed 56512K, reserved 1105920K
  class space    used 6683K, committed 6784K, reserved 1048576K
}
Event: 5.772 GC heap after
{Heap after GC invocations=18 (full 0):
 garbage-first heap   total 108544K, used 46211K [0x0000000740000000, 0x0000000800000000)
  region size 2048K, 3 young (6144K), 3 survivors (6144K)
 Metaspace       used 56262K, committed 56512K, reserved 1105920K
  class space    used 6683K, committed 6784K, reserved 1048576K
}
Event: 6.240 GC heap before
{Heap before GC invocations=18 (full 0):
 garbage-first heap   total 108544K, used 76931K [0x0000000740000000, 0x0000000800000000)
  region size 2048K, 19 young (38912K), 3 survivors (6144K)
 Metaspace       used 58302K, committed 58624K, reserved 1105920K
  class space    used 6901K, committed 7104K, reserved 1048576K
}
Event: 6.263 GC heap after
{Heap after GC invocations=19 (full 0):
 garbage-first heap   total 108544K, used 51335K [0x0000000740000000, 0x0000000800000000)
  region size 2048K, 3 young (6144K), 3 survivors (6144K)
 Metaspace       used 58302K, committed 58624K, reserved 1105920K
  class space    used 6901K, committed 7104K, reserved 1048576K
}
Event: 7.001 GC heap before
{Heap before GC invocations=19 (full 0):
 garbage-first heap   total 108544K, used 82055K [0x0000000740000000, 0x0000000800000000)
  region size 2048K, 18 young (36864K), 3 survivors (6144K)
 Metaspace       used 62177K, committed 62592K, reserved 1105920K
  class space    used 7416K, committed 7616K, reserved 1048576K
}

