# JRE version: OpenJDK Runtime Environment (17.0.6) (build 17.0.6+0-b2043.56-10027231)
# Java VM: OpenJDK 64-Bit Server VM (17.0.6+0-b2043.56-10027231, mixed mode, tiered, compressed oops, compressed class ptrs, g1 gc, windows-amd64)
GC Precious Log:
 CPUs: 8 total, 8 available
 Memory: 12285M
 Large Page Support: Disabled
 NUMA Support: Disabled
 Compressed Oops: Enabled (Zero based)
 Heap Region Size: 2M
 Heap Min Capacity: 8M
 Heap Initial Capacity: 192M
 Heap Max Capacity: 3G
 Pre-touch: Disabled
 Parallel Workers: 8
 Concurrent Workers: 2
 Concurrent Refinement Workers: 8
 Periodic GC: Disabled
Heap:
 garbage-first heap   total 122880K, used 65517K [0x0000000740000000, 0x0000000800000000)
  region size 2048K, 2 young (4096K), 2 survivors (4096K)
 Metaspace       used 74999K, committed 75328K, reserved 1122304K
  class space    used 8692K, committed 8832K, reserved 1048576K
GC Heap History (20 events):
Event: 3.110 GC heap after
{Heap after GC invocations=10 (full 0):
 garbage-first heap   total 65536K, used 26069K [0x0000000740000000, 0x0000000800000000)
  region size 2048K, 2 young (4096K), 2 survivors (4096K)
 Metaspace       used 39693K, committed 39936K, reserved 1089536K
  class space    used 4997K, committed 5120K, reserved 1048576K
}
Event: 3.142 GC heap before
{Heap before GC invocations=10 (full 0):
 garbage-first heap   total 65536K, used 28117K [0x0000000740000000, 0x0000000800000000)
  region size 2048K, 3 young (6144K), 2 survivors (4096K)
 Metaspace       used 40179K, committed 40448K, reserved 1089536K
  class space    used 5043K, committed 5184K, reserved 1048576K
}
Event: 3.153 GC heap after
{Heap after GC invocations=11 (full 0):
 garbage-first heap   total 65536K, used 25803K [0x0000000740000000, 0x0000000800000000)
  region size 2048K, 1 young (2048K), 1 survivors (2048K)
 Metaspace       used 40179K, committed 40448K, reserved 1089536K
  class space    used 5043K, committed 5184K, reserved 1048576K
}
Event: 3.450 GC heap before
{Heap before GC invocations=11 (full 0):
 garbage-first heap   total 65536K, used 44235K [0x0000000740000000, 0x0000000800000000)
  region size 2048K, 10 young (20480K), 1 survivors (2048K)
 Metaspace       used 43937K, committed 44160K, reserved 1089536K
  class space    used 5380K, committed 5504K, reserved 1048576K
}
Event: 3.454 GC heap after
{Heap after GC invocations=12 (full 0):
 garbage-first heap   total 65536K, used 27067K [0x0000000740000000, 0x0000000800000000)
  region size 2048K, 1 young (2048K), 1 survivors (2048K)
 Metaspace       used 43937K, committed 44160K, reserved 1089536K
  class space    used 5380K, committed 5504K, reserved 1048576K
}
Event: 3.965 GC heap before
{Heap before GC invocations=12 (full 0):
 garbage-first heap   total 65536K, used 47547K [0x0000000740000000, 0x0000000800000000)
  region size 2048K, 11 young (22528K), 1 survivors (2048K)
 Metaspace       used 48949K, committed 49216K, reserved 1097728K
  class space    used 5954K, committed 6080K, reserved 1048576K
}
Event: 3.973 GC heap after
{Heap after GC invocations=13 (full 0):
 garbage-first heap   total 65536K, used 29262K [0x0000000740000000, 0x0000000800000000)
  region size 2048K, 2 young (4096K), 2 survivors (4096K)
 Metaspace       used 48949K, committed 49216K, reserved 1097728K
  class space    used 5954K, committed 6080K, reserved 1048576K
}
Event: 4.086 GC heap before
{Heap before GC invocations=13 (full 0):
 garbage-first heap   total 65536K, used 47694K [0x0000000740000000, 0x0000000800000000)
  region size 2048K, 11 young (22528K), 2 survivors (4096K)
 Metaspace       used 49079K, committed 49344K, reserved 1097728K
  class space    used 5954K, committed 6080K, reserved 1048576K
}
Event: 4.094 GC heap after
{Heap after GC invocations=14 (full 0):
 garbage-first heap   total 122880K, used 30024K [0x0000000740000000, 0x0000000800000000)
  region size 2048K, 1 young (2048K), 1 survivors (2048K)
 Metaspace       used 49079K, committed 49344K, reserved 1097728K
  class space    used 5954K, committed 6080K, reserved 1048576K
}
Event: 5.286 GC heap before
{Heap before GC invocations=14 (full 0):
 garbage-first heap   total 122880K, used 91464K [0x0000000740000000, 0x0000000800000000)
  region size 2048K, 30 young (61440K), 1 survivors (2048K)
 Metaspace       used 56951K, committed 57216K, reserved 1105920K
  class space    used 6856K, committed 6976K, reserved 1048576K
}
Event: 5.308 GC heap after
{Heap after GC invocations=15 (full 0):
 garbage-first heap   total 122880K, used 40407K [0x0000000740000000, 0x0000000800000000)
  region size 2048K, 4 young (8192K), 4 survivors (8192K)
 Metaspace       used 56951K, committed 57216K, reserved 1105920K
  class space    used 6856K, committed 6976K, reserved 1048576K
}
Event: 6.197 GC heap before
{Heap before GC invocations=15 (full 0):
 garbage-first heap   total 122880K, used 83415K [0x0000000740000000, 0x0000000800000000)
  region size 2048K, 25 young (51200K), 4 survivors (8192K)
 Metaspace       used 58755K, committed 59008K, reserved 1105920K
  class space    used 6973K, committed 7104K, reserved 1048576K
}
Event: 6.231 GC heap after
{Heap after GC invocations=16 (full 0):
 garbage-first heap   total 122880K, used 48280K [0x0000000740000000, 0x0000000800000000)
  region size 2048K, 4 young (8192K), 4 survivors (8192K)
 Metaspace       used 58755K, committed 59008K, reserved 1105920K
  class space    used 6973K, committed 7104K, reserved 1048576K
}
Event: 6.622 GC heap before
{Heap before GC invocations=16 (full 0):
 garbage-first heap   total 122880K, used 64664K [0x0000000740000000, 0x0000000800000000)
  region size 2048K, 13 young (26624K), 4 survivors (8192K)
 Metaspace       used 60385K, committed 60608K, reserved 1105920K
  class space    used 7169K, committed 7296K, reserved 1048576K
}
Event: 6.645 GC heap after
{Heap after GC invocations=17 (full 0):
 garbage-first heap   total 122880K, used 51060K [0x0000000740000000, 0x0000000800000000)
  region size 2048K, 2 young (4096K), 2 survivors (4096K)
 Metaspace       used 60385K, committed 60608K, reserved 1105920K
  class space    used 7169K, committed 7296K, reserved 1048576K
}
Event: 7.725 GC heap before
{Heap before GC invocations=18 (full 0):
 garbage-first heap   total 122880K, used 92020K [0x0000000740000000, 0x0000000800000000)
  region size 2048K, 22 young (45056K), 2 survivors (4096K)
 Metaspace       used 63269K, committed 63552K, reserved 1105920K
  class space    used 7517K, committed 7680K, reserved 1048576K
}
Event: 7.748 GC heap after
{Heap after GC invocations=19 (full 0):
 garbage-first heap   total 122880K, used 58060K [0x0000000740000000, 0x0000000800000000)
  region size 2048K, 3 young (6144K), 3 survivors (6144K)
 Metaspace       used 63269K, committed 63552K, reserved 1105920K
  class space    used 7517K, committed 7680K, reserved 1048576K
}
Event: 8.719 GC heap before
{Heap before GC invocations=20 (full 0):
 garbage-first heap   total 122880K, used 92876K [0x0000000740000000, 0x0000000800000000)
  region size 2048K, 20 young (40960K), 3 survivors (6144K)
 Metaspace       used 69421K, committed 69760K, reserved 1114112K
  class space    used 8126K, committed 8256K, reserved 1048576K
}
Event: 8.740 GC heap after
{Heap after GC invocations=21 (full 0):
 garbage-first heap   total 122880K, used 62182K [0x0000000740000000, 0x0000000800000000)
  region size 2048K, 2 young (4096K), 2 survivors (4096K)
 Metaspace       used 69421K, committed 69760K, reserved 1114112K
  class space    used 8126K, committed 8256K, reserved 1048576K
}
Event: 9.518 GC heap before
{Heap before GC invocations=21 (full 0):
 garbage-first heap   total 122880K, used 92902K [0x0000000740000000, 0x0000000800000000)
  region size 2048K, 18 young (36864K), 2 survivors (4096K)
 Metaspace       used 74999K, committed 75328K, reserved 1122304K
  class space    used 8692K, committed 8832K, reserved 1048576K
}

