# JRE version: OpenJDK Runtime Environment (17.0.6) (build 17.0.6+0-b2043.56-10027231)
# Java VM: OpenJDK 64-Bit Server VM (17.0.6+0-b2043.56-10027231, mixed mode, tiered, compressed oops, compressed class ptrs, g1 gc, windows-amd64)
GC Precious Log:
 CPUs: 8 total, 8 available
 Memory: 12285M
 Large Page Support: Disabled
 NUMA Support: Disabled
 Compressed Oops: Enabled (Zero based)
 Heap Region Size: 2M
 Heap Min Capacity: 8M
 Heap Initial Capacity: 192M
 Heap Max Capacity: 3G
 Pre-touch: Disabled
 Parallel Workers: 8
 Concurrent Workers: 2
 Concurrent Refinement Workers: 8
 Periodic GC: Disabled
Heap:
 garbage-first heap   total 104448K, used 51183K [0x0000000740000000, 0x0000000800000000)
  region size 2048K, 2 young (4096K), 2 survivors (4096K)
 Metaspace       used 61453K, committed 61760K, reserved 1105920K
  class space    used 7337K, committed 7488K, reserved 1048576K
GC Heap History (20 events):
Event: 2.775 GC heap after
{Heap after GC invocations=8 (full 0):
 garbage-first heap   total 65536K, used 25234K [0x0000000740000000, 0x0000000800000000)
  region size 2048K, 1 young (2048K), 1 survivors (2048K)
 Metaspace       used 35741K, committed 35968K, reserved 1081344K
  class space    used 4548K, committed 4672K, reserved 1048576K
}
Event: 3.154 GC heap before
{Heap before GC invocations=9 (full 0):
 garbage-first heap   total 65536K, used 45714K [0x0000000740000000, 0x0000000800000000)
  region size 2048K, 11 young (22528K), 1 survivors (2048K)
 Metaspace       used 39780K, committed 40064K, reserved 1089536K
  class space    used 4998K, committed 5120K, reserved 1048576K
}
Event: 3.161 GC heap after
{Heap after GC invocations=10 (full 0):
 garbage-first heap   total 65536K, used 25589K [0x0000000740000000, 0x0000000800000000)
  region size 2048K, 2 young (4096K), 2 survivors (4096K)
 Metaspace       used 39780K, committed 40064K, reserved 1089536K
  class space    used 4998K, committed 5120K, reserved 1048576K
}
Event: 3.200 GC heap before
{Heap before GC invocations=10 (full 0):
 garbage-first heap   total 65536K, used 27637K [0x0000000740000000, 0x0000000800000000)
  region size 2048K, 3 young (6144K), 2 survivors (4096K)
 Metaspace       used 40159K, committed 40448K, reserved 1089536K
  class space    used 5050K, committed 5184K, reserved 1048576K
}
Event: 3.208 GC heap after
{Heap after GC invocations=11 (full 0):
 garbage-first heap   total 65536K, used 25188K [0x0000000740000000, 0x0000000800000000)
  region size 2048K, 1 young (2048K), 1 survivors (2048K)
 Metaspace       used 40159K, committed 40448K, reserved 1089536K
  class space    used 5050K, committed 5184K, reserved 1048576K
}
Event: 3.519 GC heap before
{Heap before GC invocations=11 (full 0):
 garbage-first heap   total 65536K, used 45668K [0x0000000740000000, 0x0000000800000000)
  region size 2048K, 11 young (22528K), 1 survivors (2048K)
 Metaspace       used 44218K, committed 44480K, reserved 1089536K
  class space    used 5393K, committed 5504K, reserved 1048576K
}
Event: 3.525 GC heap after
{Heap after GC invocations=12 (full 0):
 garbage-first heap   total 65536K, used 27758K [0x0000000740000000, 0x0000000800000000)
  region size 2048K, 2 young (4096K), 2 survivors (4096K)
 Metaspace       used 44218K, committed 44480K, reserved 1089536K
  class space    used 5393K, committed 5504K, reserved 1048576K
}
Event: 4.037 GC heap before
{Heap before GC invocations=12 (full 0):
 garbage-first heap   total 65536K, used 46190K [0x0000000740000000, 0x0000000800000000)
  region size 2048K, 11 young (22528K), 2 survivors (4096K)
 Metaspace       used 49038K, committed 49280K, reserved 1097728K
  class space    used 5909K, committed 6016K, reserved 1048576K
}
Event: 4.045 GC heap after
{Heap after GC invocations=13 (full 0):
 garbage-first heap   total 65536K, used 31379K [0x0000000740000000, 0x0000000800000000)
  region size 2048K, 2 young (4096K), 2 survivors (4096K)
 Metaspace       used 49038K, committed 49280K, reserved 1097728K
  class space    used 5909K, committed 6016K, reserved 1048576K
}
Event: 4.318 GC heap before
{Heap before GC invocations=13 (full 0):
 garbage-first heap   total 65536K, used 45715K [0x0000000740000000, 0x0000000800000000)
  region size 2048K, 9 young (18432K), 2 survivors (4096K)
 Metaspace       used 51549K, committed 51840K, reserved 1097728K
  class space    used 6221K, committed 6336K, reserved 1048576K
}
Event: 4.326 GC heap after
{Heap after GC invocations=14 (full 0):
 garbage-first heap   total 104448K, used 33947K [0x0000000740000000, 0x0000000800000000)
  region size 2048K, 2 young (4096K), 2 survivors (4096K)
 Metaspace       used 51549K, committed 51840K, reserved 1097728K
  class space    used 6221K, committed 6336K, reserved 1048576K
}
Event: 4.875 GC heap before
{Heap before GC invocations=15 (full 0):
 garbage-first heap   total 104448K, used 72859K [0x0000000740000000, 0x0000000800000000)
  region size 2048K, 22 young (45056K), 2 survivors (4096K)
 Metaspace       used 53749K, committed 54016K, reserved 1097728K
  class space    used 6479K, committed 6592K, reserved 1048576K
}
Event: 4.894 GC heap after
{Heap after GC invocations=16 (full 0):
 garbage-first heap   total 104448K, used 39092K [0x0000000740000000, 0x0000000800000000)
  region size 2048K, 3 young (6144K), 3 survivors (6144K)
 Metaspace       used 53749K, committed 54016K, reserved 1097728K
  class space    used 6479K, committed 6592K, reserved 1048576K
}
Event: 4.903 GC heap before
{Heap before GC invocations=16 (full 0):
 garbage-first heap   total 104448K, used 41140K [0x0000000740000000, 0x0000000800000000)
  region size 2048K, 4 young (8192K), 3 survivors (6144K)
 Metaspace       used 53750K, committed 54016K, reserved 1097728K
  class space    used 6479K, committed 6592K, reserved 1048576K
}
Event: 4.920 GC heap after
{Heap after GC invocations=17 (full 0):
 garbage-first heap   total 104448K, used 39789K [0x0000000740000000, 0x0000000800000000)
  region size 2048K, 1 young (2048K), 1 survivors (2048K)
 Metaspace       used 53750K, committed 54016K, reserved 1097728K
  class space    used 6479K, committed 6592K, reserved 1048576K
}
Event: 5.667 GC heap before
{Heap before GC invocations=17 (full 0):
 garbage-first heap   total 104448K, used 74605K [0x0000000740000000, 0x0000000800000000)
  region size 2048K, 18 young (36864K), 1 survivors (2048K)
 Metaspace       used 56121K, committed 56384K, reserved 1105920K
  class space    used 6684K, committed 6784K, reserved 1048576K
}
Event: 5.680 GC heap after
{Heap after GC invocations=18 (full 0):
 garbage-first heap   total 104448K, used 43550K [0x0000000740000000, 0x0000000800000000)
  region size 2048K, 3 young (6144K), 3 survivors (6144K)
 Metaspace       used 56121K, committed 56384K, reserved 1105920K
  class space    used 6684K, committed 6784K, reserved 1048576K
}
Event: 6.196 GC heap before
{Heap before GC invocations=18 (full 0):
 garbage-first heap   total 104448K, used 76318K [0x0000000740000000, 0x0000000800000000)
  region size 2048K, 19 young (38912K), 3 survivors (6144K)
 Metaspace       used 58239K, committed 58560K, reserved 1105920K
  class space    used 6898K, committed 7040K, reserved 1048576K
}
Event: 6.219 GC heap after
{Heap after GC invocations=19 (full 0):
 garbage-first heap   total 104448K, used 48289K [0x0000000740000000, 0x0000000800000000)
  region size 2048K, 3 young (6144K), 3 survivors (6144K)
 Metaspace       used 58239K, committed 58560K, reserved 1105920K
  class space    used 6898K, committed 7040K, reserved 1048576K
}
Event: 6.807 GC heap before
{Heap before GC invocations=19 (full 0):
 garbage-first heap   total 104448K, used 76961K [0x0000000740000000, 0x0000000800000000)
  region size 2048K, 17 young (34816K), 3 survivors (6144K)
 Metaspace       used 61453K, committed 61760K, reserved 1105920K
  class space    used 7337K, committed 7488K, reserved 1048576K
}

