# JRE version: OpenJDK Runtime Environment (17.0.6) (build 17.0.6+0-b2043.56-10027231)
# Java VM: OpenJDK 64-Bit Server VM (17.0.6+0-b2043.56-10027231, mixed mode, tiered, compressed oops, compressed class ptrs, g1 gc, windows-amd64)
GC Precious Log:
 CPUs: 8 total, 8 available
 Memory: 12285M
 Large Page Support: Disabled
 NUMA Support: Disabled
 Compressed Oops: Enabled (Zero based)
 Heap Region Size: 2M
 Heap Min Capacity: 8M
 Heap Initial Capacity: 192M
 Heap Max Capacity: 3G
 Pre-touch: Disabled
 Parallel Workers: 8
 Concurrent Workers: 2
 Concurrent Refinement Workers: 8
 Periodic GC: Disabled
Heap:
 garbage-first heap   total 116736K, used 57653K [0x0000000740000000, 0x0000000800000000)
  region size 2048K, 1 young (2048K), 1 survivors (2048K)
 Metaspace       used 62906K, committed 63232K, reserved 1105920K
  class space    used 7492K, committed 7616K, reserved 1048576K
GC Heap History (20 events):
Event: 2.778 GC heap after
{Heap after GC invocations=8 (full 0):
 garbage-first heap   total 63488K, used 25299K [0x0000000740000000, 0x0000000800000000)
  region size 2048K, 1 young (2048K), 1 survivors (2048K)
 Metaspace       used 35862K, committed 36096K, reserved 1081344K
  class space    used 4567K, committed 4672K, reserved 1048576K
}
Event: 3.130 GC heap before
{Heap before GC invocations=9 (full 0):
 garbage-first heap   total 63488K, used 45779K [0x0000000740000000, 0x0000000800000000)
  region size 2048K, 11 young (22528K), 1 survivors (2048K)
 Metaspace       used 39700K, committed 39936K, reserved 1089536K
  class space    used 5000K, committed 5120K, reserved 1048576K
}
Event: 3.137 GC heap after
{Heap after GC invocations=10 (full 0):
 garbage-first heap   total 63488K, used 26134K [0x0000000740000000, 0x0000000800000000)
  region size 2048K, 2 young (4096K), 2 survivors (4096K)
 Metaspace       used 39700K, committed 39936K, reserved 1089536K
  class space    used 5000K, committed 5120K, reserved 1048576K
}
Event: 3.168 GC heap before
{Heap before GC invocations=10 (full 0):
 garbage-first heap   total 63488K, used 28182K [0x0000000740000000, 0x0000000800000000)
  region size 2048K, 3 young (6144K), 2 survivors (4096K)
 Metaspace       used 40178K, committed 40448K, reserved 1089536K
  class space    used 5046K, committed 5184K, reserved 1048576K
}
Event: 3.178 GC heap after
{Heap after GC invocations=11 (full 0):
 garbage-first heap   total 63488K, used 26071K [0x0000000740000000, 0x0000000800000000)
  region size 2048K, 1 young (2048K), 1 survivors (2048K)
 Metaspace       used 40178K, committed 40448K, reserved 1089536K
  class space    used 5046K, committed 5184K, reserved 1048576K
}
Event: 3.498 GC heap before
{Heap before GC invocations=11 (full 0):
 garbage-first heap   total 63488K, used 42455K [0x0000000740000000, 0x0000000800000000)
  region size 2048K, 10 young (20480K), 1 survivors (2048K)
 Metaspace       used 43955K, committed 44224K, reserved 1089536K
  class space    used 5383K, committed 5504K, reserved 1048576K
}
Event: 3.503 GC heap after
{Heap after GC invocations=12 (full 0):
 garbage-first heap   total 63488K, used 27316K [0x0000000740000000, 0x0000000800000000)
  region size 2048K, 1 young (2048K), 1 survivors (2048K)
 Metaspace       used 43955K, committed 44224K, reserved 1089536K
  class space    used 5383K, committed 5504K, reserved 1048576K
}
Event: 3.983 GC heap before
{Heap before GC invocations=12 (full 0):
 garbage-first heap   total 63488K, used 45748K [0x0000000740000000, 0x0000000800000000)
  region size 2048K, 10 young (20480K), 1 survivors (2048K)
 Metaspace       used 48568K, committed 48832K, reserved 1097728K
  class space    used 5898K, committed 6016K, reserved 1048576K
}
Event: 3.990 GC heap after
{Heap after GC invocations=13 (full 0):
 garbage-first heap   total 63488K, used 29202K [0x0000000740000000, 0x0000000800000000)
  region size 2048K, 2 young (4096K), 2 survivors (4096K)
 Metaspace       used 48568K, committed 48832K, reserved 1097728K
  class space    used 5898K, committed 6016K, reserved 1048576K
}
Event: 4.136 GC heap before
{Heap before GC invocations=13 (full 0):
 garbage-first heap   total 63488K, used 43538K [0x0000000740000000, 0x0000000800000000)
  region size 2048K, 10 young (20480K), 2 survivors (4096K)
 Metaspace       used 49014K, committed 49280K, reserved 1097728K
  class space    used 5954K, committed 6080K, reserved 1048576K
}
Event: 4.145 GC heap after
{Heap after GC invocations=14 (full 0):
 garbage-first heap   total 116736K, used 29953K [0x0000000740000000, 0x0000000800000000)
  region size 2048K, 2 young (4096K), 2 survivors (4096K)
 Metaspace       used 49014K, committed 49280K, reserved 1097728K
  class space    used 5954K, committed 6080K, reserved 1048576K
}
Event: 5.110 GC heap before
{Heap before GC invocations=14 (full 0):
 garbage-first heap   total 116736K, used 87297K [0x0000000740000000, 0x0000000800000000)
  region size 2048K, 29 young (59392K), 2 survivors (4096K)
 Metaspace       used 55006K, committed 55296K, reserved 1105920K
  class space    used 6630K, committed 6784K, reserved 1048576K
}
Event: 5.132 GC heap after
{Heap after GC invocations=15 (full 0):
 garbage-first heap   total 116736K, used 39791K [0x0000000740000000, 0x0000000800000000)
  region size 2048K, 4 young (8192K), 4 survivors (8192K)
 Metaspace       used 55006K, committed 55296K, reserved 1105920K
  class space    used 6630K, committed 6784K, reserved 1048576K
}
Event: 6.017 GC heap before
{Heap before GC invocations=15 (full 0):
 garbage-first heap   total 116736K, used 78703K [0x0000000740000000, 0x0000000800000000)
  region size 2048K, 23 young (47104K), 4 survivors (8192K)
 Metaspace       used 58339K, committed 58624K, reserved 1105920K
  class space    used 6921K, committed 7040K, reserved 1048576K
}
Event: 6.046 GC heap after
{Heap after GC invocations=16 (full 0):
 garbage-first heap   total 116736K, used 45995K [0x0000000740000000, 0x0000000800000000)
  region size 2048K, 3 young (6144K), 3 survivors (6144K)
 Metaspace       used 58339K, committed 58624K, reserved 1105920K
  class space    used 6921K, committed 7040K, reserved 1048576K
}
Event: 6.532 GC heap before
{Heap before GC invocations=16 (full 0):
 garbage-first heap   total 116736K, used 72619K [0x0000000740000000, 0x0000000800000000)
  region size 2048K, 17 young (34816K), 3 survivors (6144K)
 Metaspace       used 60183K, committed 60480K, reserved 1105920K
  class space    used 7146K, committed 7296K, reserved 1048576K
}
Event: 6.555 GC heap after
{Heap after GC invocations=17 (full 0):
 garbage-first heap   total 116736K, used 50370K [0x0000000740000000, 0x0000000800000000)
  region size 2048K, 2 young (4096K), 2 survivors (4096K)
 Metaspace       used 60183K, committed 60480K, reserved 1105920K
  class space    used 7146K, committed 7296K, reserved 1048576K
}
Event: 7.442 GC heap before
{Heap before GC invocations=18 (full 0):
 garbage-first heap   total 116736K, used 85186K [0x0000000740000000, 0x0000000800000000)
  region size 2048K, 19 young (38912K), 2 survivors (4096K)
 Metaspace       used 62826K, committed 63168K, reserved 1105920K
  class space    used 7489K, committed 7616K, reserved 1048576K
}
Event: 7.465 GC heap after
{Heap after GC invocations=19 (full 0):
 garbage-first heap   total 116736K, used 57074K [0x0000000740000000, 0x0000000800000000)
  region size 2048K, 3 young (6144K), 3 survivors (6144K)
 Metaspace       used 62826K, committed 63168K, reserved 1105920K
  class space    used 7489K, committed 7616K, reserved 1048576K
}
Event: 7.549 GC heap before
{Heap before GC invocations=19 (full 0):
 garbage-first heap   total 116736K, used 59122K [0x0000000740000000, 0x0000000800000000)
  region size 2048K, 4 young (8192K), 3 survivors (6144K)
 Metaspace       used 62906K, committed 63232K, reserved 1105920K
  class space    used 7492K, committed 7616K, reserved 1048576K
}

